{"/home/fernando/Documentos/Projetos/NodeJS/node-tdd/src/hello.js":{"path":"/home/fernando/Documentos/Projetos/NodeJS/node-tdd/src/hello.js","s":{"1":1,"2":1,"3":1},"b":{},"f":{"1":1},"fnMap":{"1":{"name":"greet","line":1,"loc":{"start":{"line":1,"column":-15},"end":{"line":1,"column":21}}}},"statementMap":{"1":{"start":{"line":1,"column":-15},"end":{"line":3,"column":1}},"2":{"start":{"line":2,"column":1},"end":{"line":2,"column":31}},"3":{"start":{"line":5,"column":0},"end":{"line":5,"column":29}}},"branchMap":{}}}