{"/home/fernando/Documentos/Projetos/NodeJS/aracaju-pequeno/src/hello.js":{"path":"/home/fernando/Documentos/Projetos/NodeJS/aracaju-pequeno/src/hello.js","s":{"1":1,"2":8,"3":8,"4":8,"5":7,"6":8,"7":1,"8":1,"9":1,"10":1},"b":{},"f":{"1":8,"2":7,"3":1},"fnMap":{"1":{"name":"(anonymous_1)","line":1,"loc":{"start":{"line":1,"column":12},"end":{"line":1,"column":27}}},"2":{"name":"(anonymous_2)","line":5,"loc":{"start":{"line":5,"column":17},"end":{"line":5,"column":28}}},"3":{"name":"mundo_pequeno","line":12,"loc":{"start":{"line":12,"column":0},"end":{"line":12,"column":50}}}},"statementMap":{"1":{"start":{"line":1,"column":0},"end":{"line":10,"column":1}},"2":{"start":{"line":2,"column":1},"end":{"line":2,"column":12}},"3":{"start":{"line":3,"column":1},"end":{"line":3,"column":12}},"4":{"start":{"line":5,"column":1},"end":{"line":7,"column":2}},"5":{"start":{"line":6,"column":2},"end":{"line":6,"column":43}},"6":{"start":{"line":9,"column":1},"end":{"line":9,"column":13}},"7":{"start":{"line":12,"column":0},"end":{"line":14,"column":1}},"8":{"start":{"line":13,"column":1},"end":{"line":13,"column":22}},"9":{"start":{"line":16,"column":0},"end":{"line":16,"column":45}},"10":{"start":{"line":17,"column":0},"end":{"line":17,"column":29}}},"branchMap":{}}}